<?xml version="1.0" encoding="UTF-8"?>
<testng-results ignored="0" total="1" passed="1" failed="0" skipped="0">
  <reporter-output>
    <line>
      <![CDATA[************************ Browser Session Started ************************]]>
    </line>
    <line>
      <![CDATA[************************ Application Started ************************]]>
    </line>
    <line>
      <![CDATA[************************ Browser Session End ************************]]>
    </line>
  </reporter-output>
  <suite started-at="2022-07-19T15:52:39 IST" name="Default suite" finished-at="2022-07-19T15:55:02 IST" duration-ms="142860">
    <groups>
    </groups>
    <test started-at="2022-07-19T15:52:39 IST" name="Default test" finished-at="2022-07-19T15:55:02 IST" duration-ms="142860">
      <class name="sef.compassion.testcases.new_user_sef">
        <test-method is-config="true" signature="setupApplication(java.lang.String, java.lang.String)[pri:0, instance:sef.compassion.testcases.new_user_sef@2f7298b]" started-at="2022-07-19T15:52:39 IST" name="setupApplication" finished-at="2022-07-19T15:53:02 IST" duration-ms="22399" status="PASS">
          <params>
            <param index="0">
              <value>
                <![CDATA[GC_2]]>
              </value>
            </param>
            <param index="1">
              <value>
                <![CDATA[G33con0404]]>
              </value>
            </param>
          </params>
          <reporter-output>
            <line>
              <![CDATA[************************ Browser Session Started ************************]]>
            </line>
            <line>
              <![CDATA[************************ Application Started ************************]]>
            </line>
          </reporter-output>
        </test-method> <!-- setupApplication -->
        <test-method signature="test()[pri:0, instance:sef.compassion.testcases.new_user_sef@2f7298b]" started-at="2022-07-19T15:53:02 IST" name="test" finished-at="2022-07-19T15:54:52 IST" duration-ms="109692" status="PASS">
          <reporter-output>
          </reporter-output>
        </test-method> <!-- test -->
        <test-method is-config="true" signature="closeApplication()[pri:0, instance:sef.compassion.testcases.new_user_sef@2f7298b]" started-at="2022-07-19T15:54:52 IST" name="closeApplication" finished-at="2022-07-19T15:55:02 IST" duration-ms="10697" status="PASS">
          <reporter-output>
            <line>
              <![CDATA[************************ Browser Session End ************************]]>
            </line>
          </reporter-output>
        </test-method> <!-- closeApplication -->
      </class> <!-- sef.compassion.testcases.new_user_sef -->
    </test> <!-- Default test -->
  </suite> <!-- Default suite -->
</testng-results>
